  main.cpp
d:\rlagu\documents\학교\수치컴퓨팅\프로젝트2\180501_학생용\소스파일\1803cloth_simulation_hw2_limited\cloth\my_opencl_util.h : warning C4819: 현재 코드 페이지(949)에서 표시할 수 없는 문자가 파일에 들어 있습니다. 데이터가 손실되지 않게 하려면 해당 파일을 유니코드 형식으로 저장하십시오.
d:\rlagu\documents\학교\수치컴퓨팅\프로젝트2\180501_학생용\소스파일\1803cloth_simulation_hw2_limited\cloth\my_opencl_util.h(166): warning C4996: 'fopen': This function or variable may be unsafe. Consider using fopen_s instead. To disable deprecation, use _CRT_SECURE_NO_WARNINGS. See online help for details.
  c:\program files (x86)\windows kits\10\include\10.0.14393.0\ucrt\stdio.h(207): note: 'fopen' 선언을 참조하십시오.
d:\rlagu\documents\학교\수치컴퓨팅\프로젝트2\180501_학생용\소스파일\1803cloth_simulation_hw2_limited\cloth\my_opencl_util.h(371): warning C4477: 'printf' : 서식 문자열 '%lu'에 'unsigned long' 형식의 인수가 필요하지만 variadic 인수 1의 형식이 'std::size_t'입니다.
  d:\rlagu\documents\학교\수치컴퓨팅\프로젝트2\180501_학생용\소스파일\1803cloth_simulation_hw2_limited\cloth\my_opencl_util.h(371): note: 서식 문자열에서 '%zu'을(를) 사용하는 것이 좋습니다.
d:\rlagu\documents\학교\수치컴퓨팅\프로젝트2\180501_학생용\소스파일\1803cloth_simulation_hw2_limited\cloth\my_opencl_util.h(371): warning C4477: 'printf' : 서식 문자열 '%lu'에 'unsigned long' 형식의 인수가 필요하지만 variadic 인수 2의 형식이 'std::size_t'입니다.
  d:\rlagu\documents\학교\수치컴퓨팅\프로젝트2\180501_학생용\소스파일\1803cloth_simulation_hw2_limited\cloth\my_opencl_util.h(371): note: 서식 문자열에서 '%zu'을(를) 사용하는 것이 좋습니다.
d:\rlagu\documents\학교\수치컴퓨팅\프로젝트2\180501_학생용\소스파일\1803cloth_simulation_hw2_limited\cloth\my_opencl_util.h(371): warning C4477: 'printf' : 서식 문자열 '%lu'에 'unsigned long' 형식의 인수가 필요하지만 variadic 인수 3의 형식이 'std::size_t'입니다.
  d:\rlagu\documents\학교\수치컴퓨팅\프로젝트2\180501_학생용\소스파일\1803cloth_simulation_hw2_limited\cloth\my_opencl_util.h(371): note: 서식 문자열에서 '%zu'을(를) 사용하는 것이 좋습니다.
d:\rlagu\documents\학교\수치컴퓨팅\프로젝트2\180501_학생용\소스파일\1803cloth_simulation_hw2_limited\cloth\my_opencl_util.h(375): warning C4477: 'fprintf' : 서식 문자열 '%lu'에 'unsigned long' 형식의 인수가 필요하지만 variadic 인수 1의 형식이 'std::size_t'입니다.
  d:\rlagu\documents\학교\수치컴퓨팅\프로젝트2\180501_학생용\소스파일\1803cloth_simulation_hw2_limited\cloth\my_opencl_util.h(375): note: 서식 문자열에서 '%zu'을(를) 사용하는 것이 좋습니다.
d:\rlagu\documents\학교\수치컴퓨팅\프로젝트2\180501_학생용\소스파일\1803cloth_simulation_hw2_limited\cloth\my_opencl_util.h(456): warning C4477: 'fprintf' : 서식 문자열 '%lu'에 'unsigned long' 형식의 인수가 필요하지만 variadic 인수 1의 형식이 'std::size_t'입니다.
  d:\rlagu\documents\학교\수치컴퓨팅\프로젝트2\180501_학생용\소스파일\1803cloth_simulation_hw2_limited\cloth\my_opencl_util.h(456): note: 서식 문자열에서 '%zu'을(를) 사용하는 것이 좋습니다.
d:\rlagu\documents\학교\수치컴퓨팅\프로젝트2\180501_학생용\소스파일\1803cloth_simulation_hw2_limited\cloth\my_opencl_util.h(459): warning C4477: 'fprintf' : 서식 문자열 '%lu'에 'unsigned long' 형식의 인수가 필요하지만 variadic 인수 1의 형식이 'std::size_t'입니다.
  d:\rlagu\documents\학교\수치컴퓨팅\프로젝트2\180501_학생용\소스파일\1803cloth_simulation_hw2_limited\cloth\my_opencl_util.h(459): note: 서식 문자열에서 '%zu'을(를) 사용하는 것이 좋습니다.
d:\rlagu\documents\학교\수치컴퓨팅\프로젝트2\180501_학생용\소스파일\1803cloth_simulation_hw2_limited\cloth\my_opencl_util.h(479): warning C4477: 'fprintf' : 서식 문자열 '%lu'에 'unsigned long' 형식의 인수가 필요하지만 variadic 인수 1의 형식이 'std::size_t'입니다.
  d:\rlagu\documents\학교\수치컴퓨팅\프로젝트2\180501_학생용\소스파일\1803cloth_simulation_hw2_limited\cloth\my_opencl_util.h(479): note: 서식 문자열에서 '%zu'을(를) 사용하는 것이 좋습니다.
d:\rlagu\documents\학교\수치컴퓨팅\프로젝트2\180501_학생용\소스파일\1803cloth_simulation_hw2_limited\cloth\my_opencl_util.h(482): warning C4477: 'fprintf' : 서식 문자열 '%lu'에 'unsigned long' 형식의 인수가 필요하지만 variadic 인수 1의 형식이 'std::size_t'입니다.
  d:\rlagu\documents\학교\수치컴퓨팅\프로젝트2\180501_학생용\소스파일\1803cloth_simulation_hw2_limited\cloth\my_opencl_util.h(482): note: 서식 문자열에서 '%zu'을(를) 사용하는 것이 좋습니다.
d:\rlagu\documents\학교\수치컴퓨팅\프로젝트2\180501_학생용\소스파일\1803cloth_simulation_hw2_limited\cloth\my_opencl_util.h(485): warning C4477: 'fprintf' : 서식 문자열 '%lu'에 'unsigned long' 형식의 인수가 필요하지만 variadic 인수 1의 형식이 'std::size_t'입니다.
  d:\rlagu\documents\학교\수치컴퓨팅\프로젝트2\180501_학생용\소스파일\1803cloth_simulation_hw2_limited\cloth\my_opencl_util.h(485): note: 서식 문자열에서 '%zu'을(를) 사용하는 것이 좋습니다.
d:\rlagu\documents\학교\수치컴퓨팅\프로젝트2\180501_학생용\소스파일\1803cloth_simulation_hw2_limited\cloth\my_opencl_util.h(488): warning C4477: 'fprintf' : 서식 문자열 '%lu'에 'unsigned long' 형식의 인수가 필요하지만 variadic 인수 1의 형식이 'std::size_t'입니다.
  d:\rlagu\documents\학교\수치컴퓨팅\프로젝트2\180501_학생용\소스파일\1803cloth_simulation_hw2_limited\cloth\my_opencl_util.h(488): note: 서식 문자열에서 '%zu'을(를) 사용하는 것이 좋습니다.
d:\rlagu\documents\학교\수치컴퓨팅\프로젝트2\180501_학생용\소스파일\1803cloth_simulation_hw2_limited\cloth\my_opencl_util.h(491): warning C4477: 'fprintf' : 서식 문자열 '%lu'에 'unsigned long' 형식의 인수가 필요하지만 variadic 인수 1의 형식이 'std::size_t'입니다.
  d:\rlagu\documents\학교\수치컴퓨팅\프로젝트2\180501_학생용\소스파일\1803cloth_simulation_hw2_limited\cloth\my_opencl_util.h(491): note: 서식 문자열에서 '%zu'을(를) 사용하는 것이 좋습니다.
d:\rlagu\documents\학교\수치컴퓨팅\프로젝트2\180501_학생용\소스파일\1803cloth_simulation_hw2_limited\cloth\my_opencl_util.h(568): warning C4018: '<': signed 또는 unsigned가 일치하지 않습니다.
d:\rlagu\documents\학교\수치컴퓨팅\프로젝트2\180501_학생용\소스파일\1803cloth_simulation_hw2_limited\cloth\my_opencl_util.h(592): warning C4018: '<': signed 또는 unsigned가 일치하지 않습니다.
d:\rlagu\documents\학교\수치컴퓨팅\프로젝트2\180501_학생용\소스파일\1803cloth_simulation_hw2_limited\cloth\my_opencl_util.h(614): warning C4477: 'fprintf' : 서식 문자열 '%lu'에 'unsigned long' 형식의 인수가 필요하지만 variadic 인수 1의 형식이 'std::size_t'입니다.
  d:\rlagu\documents\학교\수치컴퓨팅\프로젝트2\180501_학생용\소스파일\1803cloth_simulation_hw2_limited\cloth\my_opencl_util.h(614): note: 서식 문자열에서 '%zu'을(를) 사용하는 것이 좋습니다.
d:\rlagu\documents\학교\수치컴퓨팅\프로젝트2\180501_학생용\소스파일\1803cloth_simulation_hw2_limited\cloth\my_opencl_util.h(619): warning C4477: 'fprintf' : 서식 문자열 '%lu'에 'unsigned long' 형식의 인수가 필요하지만 variadic 인수 1의 형식이 'std::size_t'입니다.
  d:\rlagu\documents\학교\수치컴퓨팅\프로젝트2\180501_학생용\소스파일\1803cloth_simulation_hw2_limited\cloth\my_opencl_util.h(619): note: 서식 문자열에서 '%zu'을(를) 사용하는 것이 좋습니다.
d:\rlagu\documents\학교\수치컴퓨팅\프로젝트2\180501_학생용\소스파일\1803cloth_simulation_hw2_limited\cloth\my_opencl_util.h(634): warning C4477: 'fprintf' : 서식 문자열 '%lu'에 'unsigned long' 형식의 인수가 필요하지만 variadic 인수 1의 형식이 'std::size_t'입니다.
  d:\rlagu\documents\학교\수치컴퓨팅\프로젝트2\180501_학생용\소스파일\1803cloth_simulation_hw2_limited\cloth\my_opencl_util.h(634): note: 서식 문자열에서 '%zu'을(를) 사용하는 것이 좋습니다.
d:\rlagu\documents\학교\수치컴퓨팅\프로젝트2\180501_학생용\소스파일\1803cloth_simulation_hw2_limited\cloth\my_opencl_util.h(634): warning C4477: 'fprintf' : 서식 문자열 '%lu'에 'unsigned long' 형식의 인수가 필요하지만 variadic 인수 2의 형식이 'std::size_t'입니다.
  d:\rlagu\documents\학교\수치컴퓨팅\프로젝트2\180501_학생용\소스파일\1803cloth_simulation_hw2_limited\cloth\my_opencl_util.h(634): note: 서식 문자열에서 '%zu'을(를) 사용하는 것이 좋습니다.
d:\rlagu\documents\학교\수치컴퓨팅\프로젝트2\180501_학생용\소스파일\1803cloth_simulation_hw2_limited\cloth\my_opencl_util.h(634): warning C4477: 'fprintf' : 서식 문자열 '%lu'에 'unsigned long' 형식의 인수가 필요하지만 variadic 인수 3의 형식이 'std::size_t'입니다.
  d:\rlagu\documents\학교\수치컴퓨팅\프로젝트2\180501_학생용\소스파일\1803cloth_simulation_hw2_limited\cloth\my_opencl_util.h(634): note: 서식 문자열에서 '%zu'을(를) 사용하는 것이 좋습니다.
d:\rlagu\documents\학교\수치컴퓨팅\프로젝트2\180501_학생용\소스파일\1803cloth_simulation_hw2_limited\openglfiles\include\freeimage\freeimage.h : warning C4819: 현재 코드 페이지(949)에서 표시할 수 없는 문자가 파일에 들어 있습니다. 데이터가 손실되지 않게 하려면 해당 파일을 유니코드 형식으로 저장하십시오.
d:\rlagu\documents\학교\수치컴퓨팅\프로젝트2\180501_학생용\소스파일\1803cloth_simulation_hw2_limited\cloth\main.cpp(152): warning C4305: '초기화 중': 'double'에서 'float'(으)로 잘립니다.
d:\rlagu\documents\학교\수치컴퓨팅\프로젝트2\180501_학생용\소스파일\1803cloth_simulation_hw2_limited\cloth\main.cpp(153): warning C4305: '초기화 중': 'double'에서 'float'(으)로 잘립니다.
d:\rlagu\documents\학교\수치컴퓨팅\프로젝트2\180501_학생용\소스파일\1803cloth_simulation_hw2_limited\cloth\main.cpp(160): warning C4838: 'double'에서 'const float'(으)로의 변환에는 축소 변환이 필요합니다.
d:\rlagu\documents\학교\수치컴퓨팅\프로젝트2\180501_학생용\소스파일\1803cloth_simulation_hw2_limited\cloth\main.cpp(160): warning C4305: '초기화 중': 'double'에서 'const float'(으)로 잘립니다.
d:\rlagu\documents\학교\수치컴퓨팅\프로젝트2\180501_학생용\소스파일\1803cloth_simulation_hw2_limited\cloth\main.cpp(161): warning C4305: '초기화 중': 'double'에서 'float'(으)로 잘립니다.
d:\rlagu\documents\학교\수치컴퓨팅\프로젝트2\180501_학생용\소스파일\1803cloth_simulation_hw2_limited\cloth\main.cpp(351): warning C4101: 'compute_time' :참조되지 않은 지역 변수입니다.
d:\rlagu\documents\학교\수치컴퓨팅\프로젝트2\180501_학생용\소스파일\1803cloth_simulation_hw2_limited\cloth\main.cpp(798): warning C4996: 'sprintf': This function or variable may be unsafe. Consider using sprintf_s instead. To disable deprecation, use _CRT_SECURE_NO_WARNINGS. See online help for details.
  c:\program files (x86)\windows kits\10\include\10.0.14393.0\ucrt\stdio.h(1769): note: 'sprintf' 선언을 참조하십시오.
d:\rlagu\documents\학교\수치컴퓨팅\프로젝트2\180501_학생용\소스파일\1803cloth_simulation_hw2_limited\cloth\main.cpp(800): warning C4996: 'sprintf': This function or variable may be unsafe. Consider using sprintf_s instead. To disable deprecation, use _CRT_SECURE_NO_WARNINGS. See online help for details.
  c:\program files (x86)\windows kits\10\include\10.0.14393.0\ucrt\stdio.h(1769): note: 'sprintf' 선언을 참조하십시오.
d:\rlagu\documents\학교\수치컴퓨팅\프로젝트2\180501_학생용\소스파일\1803cloth_simulation_hw2_limited\cloth\main.cpp(802): warning C4996: 'sprintf': This function or variable may be unsafe. Consider using sprintf_s instead. To disable deprecation, use _CRT_SECURE_NO_WARNINGS. See online help for details.
  c:\program files (x86)\windows kits\10\include\10.0.14393.0\ucrt\stdio.h(1769): note: 'sprintf' 선언을 참조하십시오.
d:\rlagu\documents\학교\수치컴퓨팅\프로젝트2\180501_학생용\소스파일\1803cloth_simulation_hw2_limited\cloth\main.cpp(804): warning C4996: 'sprintf': This function or variable may be unsafe. Consider using sprintf_s instead. To disable deprecation, use _CRT_SECURE_NO_WARNINGS. See online help for details.
  c:\program files (x86)\windows kits\10\include\10.0.14393.0\ucrt\stdio.h(1769): note: 'sprintf' 선언을 참조하십시오.
d:\rlagu\documents\학교\수치컴퓨팅\프로젝트2\180501_학생용\소스파일\1803cloth_simulation_hw2_limited\cloth\main.cpp(806): warning C4996: 'sprintf': This function or variable may be unsafe. Consider using sprintf_s instead. To disable deprecation, use _CRT_SECURE_NO_WARNINGS. See online help for details.
  c:\program files (x86)\windows kits\10\include\10.0.14393.0\ucrt\stdio.h(1769): note: 'sprintf' 선언을 참조하십시오.
d:\rlagu\documents\학교\수치컴퓨팅\프로젝트2\180501_학생용\소스파일\1803cloth_simulation_hw2_limited\cloth\main.cpp(808): warning C4996: 'sprintf': This function or variable may be unsafe. Consider using sprintf_s instead. To disable deprecation, use _CRT_SECURE_NO_WARNINGS. See online help for details.
  c:\program files (x86)\windows kits\10\include\10.0.14393.0\ucrt\stdio.h(1769): note: 'sprintf' 선언을 참조하십시오.
d:\rlagu\documents\학교\수치컴퓨팅\프로젝트2\180501_학생용\소스파일\1803cloth_simulation_hw2_limited\cloth\main.cpp(810): warning C4996: 'sprintf': This function or variable may be unsafe. Consider using sprintf_s instead. To disable deprecation, use _CRT_SECURE_NO_WARNINGS. See online help for details.
  c:\program files (x86)\windows kits\10\include\10.0.14393.0\ucrt\stdio.h(1769): note: 'sprintf' 선언을 참조하십시오.
d:\rlagu\documents\학교\수치컴퓨팅\프로젝트2\180501_학생용\소스파일\1803cloth_simulation_hw2_limited\cloth\main.cpp(812): warning C4996: 'sprintf': This function or variable may be unsafe. Consider using sprintf_s instead. To disable deprecation, use _CRT_SECURE_NO_WARNINGS. See online help for details.
  c:\program files (x86)\windows kits\10\include\10.0.14393.0\ucrt\stdio.h(1769): note: 'sprintf' 선언을 참조하십시오.
d:\rlagu\documents\학교\수치컴퓨팅\프로젝트2\180501_학생용\소스파일\1803cloth_simulation_hw2_limited\cloth\main.cpp(814): warning C4996: 'sprintf': This function or variable may be unsafe. Consider using sprintf_s instead. To disable deprecation, use _CRT_SECURE_NO_WARNINGS. See online help for details.
  c:\program files (x86)\windows kits\10\include\10.0.14393.0\ucrt\stdio.h(1769): note: 'sprintf' 선언을 참조하십시오.
d:\rlagu\documents\학교\수치컴퓨팅\프로젝트2\180501_학생용\소스파일\1803cloth_simulation_hw2_limited\cloth\main.cpp(997): warning C4996: 'scanf': This function or variable may be unsafe. Consider using scanf_s instead. To disable deprecation, use _CRT_SECURE_NO_WARNINGS. See online help for details.
  c:\program files (x86)\windows kits\10\include\10.0.14393.0\ucrt\stdio.h(1269): note: 'scanf' 선언을 참조하십시오.
  cloth.vcxproj -> D:\rlagu\Documents\학교\수치컴퓨팅\프로젝트2\180501_학생용\소스파일\1803Cloth_Simulation_HW2_limited\x64\Debug\cloth.exe
  cloth.vcxproj -> D:\rlagu\Documents\학교\수치컴퓨팅\프로젝트2\180501_학생용\소스파일\1803Cloth_Simulation_HW2_limited\x64\Debug\cloth.pdb (Full PDB)
