  main.cpp
d:\rlagu\documents\학교\수치컴퓨팅\프로젝트2\180501_학생용\소스파일\1803cloth_simulation_hw2_limited\cloth\my_opencl_util.h : warning C4819: 현재 코드 페이지(949)에서 표시할 수 없는 문자가 파일에 들어 있습니다. 데이터가 손실되지 않게 하려면 해당 파일을 유니코드 형식으로 저장하십시오.
d:\rlagu\documents\학교\수치컴퓨팅\프로젝트2\180501_학생용\소스파일\1803cloth_simulation_hw2_limited\cloth\my_opencl_util.h(166): warning C4996: 'fopen': This function or variable may be unsafe. Consider using fopen_s instead. To disable deprecation, use _CRT_SECURE_NO_WARNINGS. See online help for details.
  c:\program files (x86)\windows kits\10\include\10.0.14393.0\ucrt\stdio.h(207): note: 'fopen' 선언을 참조하십시오.
d:\rlagu\documents\학교\수치컴퓨팅\프로젝트2\180501_학생용\소스파일\1803cloth_simulation_hw2_limited\cloth\my_opencl_util.h(568): warning C4018: '<': signed 또는 unsigned가 일치하지 않습니다.
d:\rlagu\documents\학교\수치컴퓨팅\프로젝트2\180501_학생용\소스파일\1803cloth_simulation_hw2_limited\cloth\my_opencl_util.h(592): warning C4018: '<': signed 또는 unsigned가 일치하지 않습니다.
d:\rlagu\documents\학교\수치컴퓨팅\프로젝트2\180501_학생용\소스파일\1803cloth_simulation_hw2_limited\openglfiles\include\freeimage\freeimage.h : warning C4819: 현재 코드 페이지(949)에서 표시할 수 없는 문자가 파일에 들어 있습니다. 데이터가 손실되지 않게 하려면 해당 파일을 유니코드 형식으로 저장하십시오.
d:\rlagu\documents\학교\수치컴퓨팅\프로젝트2\180501_학생용\소스파일\1803cloth_simulation_hw2_limited\cloth\main.cpp(152): warning C4305: '초기화 중': 'double'에서 'float'(으)로 잘립니다.
d:\rlagu\documents\학교\수치컴퓨팅\프로젝트2\180501_학생용\소스파일\1803cloth_simulation_hw2_limited\cloth\main.cpp(153): warning C4305: '초기화 중': 'double'에서 'float'(으)로 잘립니다.
d:\rlagu\documents\학교\수치컴퓨팅\프로젝트2\180501_학생용\소스파일\1803cloth_simulation_hw2_limited\cloth\main.cpp(160): warning C4838: 'double'에서 'const float'(으)로의 변환에는 축소 변환이 필요합니다.
d:\rlagu\documents\학교\수치컴퓨팅\프로젝트2\180501_학생용\소스파일\1803cloth_simulation_hw2_limited\cloth\main.cpp(160): warning C4305: '초기화 중': 'double'에서 'const float'(으)로 잘립니다.
d:\rlagu\documents\학교\수치컴퓨팅\프로젝트2\180501_학생용\소스파일\1803cloth_simulation_hw2_limited\cloth\main.cpp(161): warning C4305: '초기화 중': 'double'에서 'float'(으)로 잘립니다.
d:\rlagu\documents\학교\수치컴퓨팅\프로젝트2\180501_학생용\소스파일\1803cloth_simulation_hw2_limited\cloth\main.cpp(332): warning C4101: 'compute_time' :참조되지 않은 지역 변수입니다.
d:\rlagu\documents\학교\수치컴퓨팅\프로젝트2\180501_학생용\소스파일\1803cloth_simulation_hw2_limited\cloth\main.cpp(655): warning C4996: 'sprintf': This function or variable may be unsafe. Consider using sprintf_s instead. To disable deprecation, use _CRT_SECURE_NO_WARNINGS. See online help for details.
  c:\program files (x86)\windows kits\10\include\10.0.14393.0\ucrt\stdio.h(1769): note: 'sprintf' 선언을 참조하십시오.
d:\rlagu\documents\학교\수치컴퓨팅\프로젝트2\180501_학생용\소스파일\1803cloth_simulation_hw2_limited\cloth\main.cpp(657): warning C4996: 'sprintf': This function or variable may be unsafe. Consider using sprintf_s instead. To disable deprecation, use _CRT_SECURE_NO_WARNINGS. See online help for details.
  c:\program files (x86)\windows kits\10\include\10.0.14393.0\ucrt\stdio.h(1769): note: 'sprintf' 선언을 참조하십시오.
d:\rlagu\documents\학교\수치컴퓨팅\프로젝트2\180501_학생용\소스파일\1803cloth_simulation_hw2_limited\cloth\main.cpp(659): warning C4996: 'sprintf': This function or variable may be unsafe. Consider using sprintf_s instead. To disable deprecation, use _CRT_SECURE_NO_WARNINGS. See online help for details.
  c:\program files (x86)\windows kits\10\include\10.0.14393.0\ucrt\stdio.h(1769): note: 'sprintf' 선언을 참조하십시오.
d:\rlagu\documents\학교\수치컴퓨팅\프로젝트2\180501_학생용\소스파일\1803cloth_simulation_hw2_limited\cloth\main.cpp(661): warning C4996: 'sprintf': This function or variable may be unsafe. Consider using sprintf_s instead. To disable deprecation, use _CRT_SECURE_NO_WARNINGS. See online help for details.
  c:\program files (x86)\windows kits\10\include\10.0.14393.0\ucrt\stdio.h(1769): note: 'sprintf' 선언을 참조하십시오.
d:\rlagu\documents\학교\수치컴퓨팅\프로젝트2\180501_학생용\소스파일\1803cloth_simulation_hw2_limited\cloth\main.cpp(663): warning C4996: 'sprintf': This function or variable may be unsafe. Consider using sprintf_s instead. To disable deprecation, use _CRT_SECURE_NO_WARNINGS. See online help for details.
  c:\program files (x86)\windows kits\10\include\10.0.14393.0\ucrt\stdio.h(1769): note: 'sprintf' 선언을 참조하십시오.
d:\rlagu\documents\학교\수치컴퓨팅\프로젝트2\180501_학생용\소스파일\1803cloth_simulation_hw2_limited\cloth\main.cpp(665): warning C4996: 'sprintf': This function or variable may be unsafe. Consider using sprintf_s instead. To disable deprecation, use _CRT_SECURE_NO_WARNINGS. See online help for details.
  c:\program files (x86)\windows kits\10\include\10.0.14393.0\ucrt\stdio.h(1769): note: 'sprintf' 선언을 참조하십시오.
d:\rlagu\documents\학교\수치컴퓨팅\프로젝트2\180501_학생용\소스파일\1803cloth_simulation_hw2_limited\cloth\main.cpp(667): warning C4996: 'sprintf': This function or variable may be unsafe. Consider using sprintf_s instead. To disable deprecation, use _CRT_SECURE_NO_WARNINGS. See online help for details.
  c:\program files (x86)\windows kits\10\include\10.0.14393.0\ucrt\stdio.h(1769): note: 'sprintf' 선언을 참조하십시오.
d:\rlagu\documents\학교\수치컴퓨팅\프로젝트2\180501_학생용\소스파일\1803cloth_simulation_hw2_limited\cloth\main.cpp(669): warning C4996: 'sprintf': This function or variable may be unsafe. Consider using sprintf_s instead. To disable deprecation, use _CRT_SECURE_NO_WARNINGS. See online help for details.
  c:\program files (x86)\windows kits\10\include\10.0.14393.0\ucrt\stdio.h(1769): note: 'sprintf' 선언을 참조하십시오.
d:\rlagu\documents\학교\수치컴퓨팅\프로젝트2\180501_학생용\소스파일\1803cloth_simulation_hw2_limited\cloth\main.cpp(671): warning C4996: 'sprintf': This function or variable may be unsafe. Consider using sprintf_s instead. To disable deprecation, use _CRT_SECURE_NO_WARNINGS. See online help for details.
  c:\program files (x86)\windows kits\10\include\10.0.14393.0\ucrt\stdio.h(1769): note: 'sprintf' 선언을 참조하십시오.
d:\rlagu\documents\학교\수치컴퓨팅\프로젝트2\180501_학생용\소스파일\1803cloth_simulation_hw2_limited\cloth\main.cpp(854): warning C4996: 'scanf': This function or variable may be unsafe. Consider using scanf_s instead. To disable deprecation, use _CRT_SECURE_NO_WARNINGS. See online help for details.
  c:\program files (x86)\windows kits\10\include\10.0.14393.0\ucrt\stdio.h(1269): note: 'scanf' 선언을 참조하십시오.
LINK : fatal error LNK1104: 'freeglut.lib' 파일을 열 수 없습니다.
